#
# A fatal error has been detected by the Java Runtime Environment:
#
#  EXCEPTION_ACCESS_VIOLATION (0xc0000005) at pc=0x00007ffa56dea358, pid=223344, tid=223400
#
# JRE version: OpenJDK Runtime Environment (16.0.2+7) (build 16.0.2+7-67)
# Java VM: OpenJDK 64-Bit Server VM (16.0.2+7-67, mixed mode, tiered, compressed oops, compressed class ptrs, g1 gc, windows-amd64)
# Problematic frame:
# V  [jvm.dll+0x23a358]
#
# No core dump will be written. Minidumps are not enabled by default on client versions of Windows
#
# If you would like to submit a bug report, please visit:
#   https://bugreport.java.com/bugreport/crash.jsp
#

---------------  S U M M A R Y ------------

Command Line: -XX:+ShowCodeDetailsInExceptionMessages -agentlib:jdwp=transport=dt_socket,suspend=y,address=localhost:50891 -javaagent:C:\Users\Jackie\eclipse\java-2021-09\eclipse\configuration\org.eclipse.osgi\222\0\.cp\lib\javaagent-shaded.jar -Dfile.encoding=Cp1252 ui.LoginPage

Host: AMD A9-9410 RADEON R5, 5 COMPUTE CORES 2C+3G   , 2 cores, 7G,  Windows 10 , 64 bit Build 19041 (10.0.19041.1566)
Time: Fri Mar 18 21:12:26 2022 Eastern Daylight Time elapsed time: 255.573879 seconds (0d 0h 4m 15s)

---------------  T H R E A D  ---------------

Current thread (0x0000013d76e7f3c0):  VMThread "VM Thread" [stack: 0x000000236b900000,0x000000236ba00000] [id=223400]

Stack: [0x000000236b900000,0x000000236ba00000],  sp=0x000000236b9fe908,  free space=1018k
Native frames: (J=compiled Java code, j=interpreted, Vv=VM code, C=native code)
V  [jvm.dll+0x23a358]


siginfo: EXCEPTION_ACCESS_VIOLATION (0xc0000005), reading address 0x0000013d01aadca0


Register to memory mapping:

RIP=0x00007ffa56dea358 jvm.dll
RAX=0x0000000000194400 is an unknown value
RBX=0x0000013d0191b538 is pointing into metadata
RCX=0x0000013d019198a0 is pointing into metadata
RDX=0x000000000000ca1f is an unknown value
RSP=0x000000236b9fe908 points into unknown readable memory: 0x00007ffa56dea3de | de a3 de 56 fa 7f 00 00
RBP=0x000000236b9fea40 points into unknown readable memory: 0xffffffffffffffff | ff ff ff ff ff ff ff ff
RSI=0x0 is NULL
RDI=0x000000236b9ff050 points into unknown readable memory: 0x00007ffa574e2218 | 18 22 4e 57 fa 7f 00 00
R8 =0x0 is NULL
R9 =0x0000013d0191b538 is pointing into metadata
R10=0x0 is NULL
R11=0x0000000047000000 is an unknown value
R12=0x00007ffa56bb0000 jvm.dll
R13=0x0000013d0032ec08 points into unknown readable memory: 0x000002e689644b00 | 00 4b 64 89 e6 02 00 00
R14=0x0000013d0191b15a is pointing into metadata
R15=0x00000000000002ff is an unknown value


Registers:
RAX=0x0000000000194400, RBX=0x0000013d0191b538, RCX=0x0000013d019198a0, RDX=0x000000000000ca1f
RSP=0x000000236b9fe908, RBP=0x000000236b9fea40, RSI=0x0000000000000000, RDI=0x000000236b9ff050
R8 =0x0000000000000000, R9 =0x0000013d0191b538, R10=0x0000000000000000, R11=0x0000000047000000
R12=0x00007ffa56bb0000, R13=0x0000013d0032ec08, R14=0x0000013d0191b15a, R15=0x00000000000002ff
RIP=0x00007ffa56dea358, EFLAGS=0x0000000000010216

Top of Stack: (sp=0x000000236b9fe908)
0x000000236b9fe908:   00007ffa56dea3de 000000236b9fe998
0x000000236b9fe918:   0000000000000000 0000013d76d40140
0x000000236b9fe928:   0000000000000000 000000236b9feec0
0x000000236b9fe938:   00007ffa56edcf44 0000000000000001
0x000000236b9fe948:   0000000000000000 0000000000000000
0x000000236b9fe958:   0000013d780052b8 0000000001cc4888
0x000000236b9fe968:   00007ffa56dc0232 0000013d76d46cf0
0x000000236b9fe978:   00007ffa0000000c 0000000000000000
0x000000236b9fe988:   000000236b9fe9e0 0000000000000002
0x000000236b9fe998:   0000013d76d46cf0 0000002d00000014
0x000000236b9fe9a8:   000000000000002d 000000030000000c
0x000000236b9fe9b8:   0000013d76d40140 0000000000000000
0x000000236b9fe9c8:   00000000460002f7 0000002300000000
0x000000236b9fe9d8:   00007ffa57294fb2 4fffffff4fffffff
0x000000236b9fe9e8:   00007ffa57295ac0 000000236b9feb50
0x000000236b9fe9f8:   0000000000000000 000000236b9ff050 

Instructions: (pc=0x00007ffa56dea358)
0x00007ffa56dea258:   03 03 03 03 03 03 03 03 03 03 03 03 03 03 03 03
0x00007ffa56dea268:   03 03 03 03 03 03 03 03 03 03 03 03 03 03 03 03
0x00007ffa56dea278:   03 03 03 03 03 03 03 03 03 03 03 03 03 03 03 03
0x00007ffa56dea288:   03 03 03 03 03 03 03 03 03 03 03 03 03 03 03 03
0x00007ffa56dea298:   03 03 03 02 03 03 02 cc 48 89 5c 24 08 48 89 74
0x00007ffa56dea2a8:   24 10 57 48 83 ec 20 48 63 da 41 0f b6 f0 48 8b
0x00007ffa56dea2b8:   f9 85 d2 79 24 4c 8d 0d 1c 95 69 00 ba b4 02 00
0x00007ffa56dea2c8:   00 4c 8d 05 48 95 69 00 48 8d 0d b1 94 69 00 e8
0x00007ffa56dea2d8:   64 88 00 00 e8 5f da 42 00 40 84 f6 75 18 48 8b
0x00007ffa56dea2e8:   4f 10 48 85 c9 74 0f 48 8d 43 01 48 c1 e0 05 48
0x00007ffa56dea2f8:   8b 04 08 0f b7 d8 48 8b 74 24 38 48 63 c3 48 8b
0x00007ffa56dea308:   5c 24 30 0f b7 44 c7 48 48 83 c4 20 5f c3 cc cc
0x00007ffa56dea318:   cc cc cc cc cc cc cc cc 4c 8b c9 45 84 c0 75 41
0x00007ffa56dea328:   48 8b 49 10 48 85 c9 74 38 85 d2 79 19 f7 d2 8b
0x00007ffa56dea338:   c2 48 ff c0 48 c1 e0 05 48 8b 04 08 0f b7 c8 41
0x00007ffa56dea348:   0f b7 44 c9 4a c3 48 63 c2 48 ff c0 48 c1 e0 05
0x00007ffa56dea358:   48 8b 04 08 0f b7 d0 48 63 c2 41 0f b7 44 c1 4a
0x00007ffa56dea368:   c3 49 8b 41 08 4c 63 c2 42 0f b6 44 00 04 8d 48
0x00007ffa56dea378:   ef 80 f9 01 76 0e 3c 6a 74 0a 48 63 c2 41 0f b7
0x00007ffa56dea388:   44 c1 4a c3 43 0f b7 44 c1 4a c3 cc cc cc cc cc
0x00007ffa56dea398:   cc cc cc cc cc cc cc cc 40 53 48 83 ec 20 48 8b
0x00007ffa56dea3a8:   d9 e8 72 ff ff ff 48 63 d0 0f b7 44 d3 48 48 8b
0x00007ffa56dea3b8:   44 c3 48 48 83 c4 20 5b c3 cc cc cc cc cc cc cc
0x00007ffa56dea3c8:   cc cc cc cc cc cc cc cc 40 53 48 83 ec 20 48 8b
0x00007ffa56dea3d8:   d9 e8 42 ff ff ff 48 63 d0 0f b7 44 d3 4a 48 8b
0x00007ffa56dea3e8:   44 c3 48 48 83 c4 20 5b c3 cc cc cc cc cc cc cc
0x00007ffa56dea3f8:   cc cc cc cc cc cc cc cc 4c 8b d1 45 84 c9 75 28
0x00007ffa56dea408:   4c 8b 49 10 4d 85 c9 74 1f 45 85 c0 79 08 41 f7
0x00007ffa56dea418:   d0 41 8b c0 eb 03 49 63 c0 48 ff c0 48 c1 e0 05
0x00007ffa56dea428:   4a 8b 04 08 44 0f b7 c0 49 8b 42 08 49 63 c8 0f
0x00007ffa56dea438:   b6 4c 08 04 48 8b c2 88 0a c3 cc cc cc cc cc cc
0x00007ffa56dea448:   cc cc cc cc cc cc cc cc 40 56 57 41 54 41 56 41 


Stack slot to memory mapping:
stack at sp + 0 slots: 0x00007ffa56dea3de jvm.dll
stack at sp + 1 slots: 0x000000236b9fe998 points into unknown readable memory: 0x0000013d76d46cf0 | f0 6c d4 76 3d 01 00 00
stack at sp + 2 slots: 0x0 is NULL
stack at sp + 3 slots: 0x0000013d76d40140 points into unknown readable memory: 0x616a00106e30ffff | ff ff 30 6e 10 00 6a 61
stack at sp + 4 slots: 0x0 is NULL
stack at sp + 5 slots: 0x000000236b9feec0 points into unknown readable memory: 0x0000013d0191b450 | 50 b4 91 01 3d 01 00 00
stack at sp + 6 slots: 0x00007ffa56edcf44 jvm.dll
stack at sp + 7 slots: 0x0000000000000001 is an unknown value

VM_Operation (0x000000236c4ff150): get/set locals, mode: safepoint, requested by thread 0x0000013d77a3b770


---------------  P R O C E S S  ---------------

Threads class SMR info:
_java_thread_list=0x0000013d0068f1c0, length=21, elements={
0x0000013d76e95010, 0x0000013d76e967c0, 0x0000013d76ecb5a0, 0x0000013d76ecbeb0,
0x0000013d76ecd050, 0x0000013d76ecda50, 0x0000013d76ece830, 0x0000013d7784d440,
0x0000013d77852160, 0x0000013d77987fa0, 0x0000013d77a3b770, 0x0000013d77a8cd60,
0x0000013d77a8d2a0, 0x0000013d77ba82f0, 0x0000013d78005720, 0x0000013d78095550,
0x0000013d77b04a30, 0x0000013d77a911d0, 0x0000013d5e220e10, 0x0000013d7851a010,
0x0000013d7821e850
}

Java Threads: ( => current thread )
  0x0000013d76e95010 JavaThread "Reference Handler" daemon [_thread_blocked, id=223384, stack(0x000000236ba00000,0x000000236bb00000)]
  0x0000013d76e967c0 JavaThread "Finalizer" daemon [_thread_blocked, id=223392, stack(0x000000236bb00000,0x000000236bc00000)]
  0x0000013d76ecb5a0 JavaThread "Signal Dispatcher" daemon [_thread_blocked, id=223380, stack(0x000000236bc00000,0x000000236bd00000)]
  0x0000013d76ecbeb0 JavaThread "Attach Listener" daemon [_thread_blocked, id=207604, stack(0x000000236bd00000,0x000000236be00000)]
  0x0000013d76ecd050 JavaThread "Service Thread" daemon [_thread_blocked, id=223376, stack(0x000000236be00000,0x000000236bf00000)]
  0x0000013d76ecda50 JavaThread "Monitor Deflation Thread" daemon [_thread_blocked, id=223396, stack(0x000000236bf00000,0x000000236c000000)]
  0x0000013d76ece830 JavaThread "C2 CompilerThread0" daemon [_thread_blocked, id=212792, stack(0x000000236c000000,0x000000236c100000)]
  0x0000013d7784d440 JavaThread "C1 CompilerThread0" daemon [_thread_blocked, id=223336, stack(0x000000236c100000,0x000000236c200000)]
  0x0000013d77852160 JavaThread "Sweeper thread" daemon [_thread_blocked, id=227252, stack(0x000000236c200000,0x000000236c300000)]
  0x0000013d77987fa0 JavaThread "Common-Cleaner" daemon [_thread_blocked, id=217792, stack(0x000000236c300000,0x000000236c400000)]
  0x0000013d77a3b770 JavaThread "JDWP Transport Listener: dt_socket" daemon [_thread_blocked, id=226412, stack(0x000000236c400000,0x000000236c500000)]
  0x0000013d77a8cd60 JavaThread "JDWP Event Helper Thread" daemon [_thread_blocked, id=215592, stack(0x000000236c500000,0x000000236c600000)]
  0x0000013d77a8d2a0 JavaThread "JDWP Command Reader" daemon [_thread_in_native, id=226156, stack(0x000000236c600000,0x000000236c700000)]
  0x0000013d77ba82f0 JavaThread "Notification Thread" daemon [_thread_blocked, id=217804, stack(0x000000236c700000,0x000000236c800000)]
  0x0000013d78005720 JavaThread "Java2D Disposer" daemon [_thread_blocked, id=222676, stack(0x000000236ca00000,0x000000236cb00000)]
  0x0000013d78095550 JavaThread "AWT-Shutdown" [_thread_blocked, id=209296, stack(0x000000236cb00000,0x000000236cc00000)]
  0x0000013d77b04a30 JavaThread "AWT-Windows" daemon [_thread_blocked, id=226644, stack(0x000000236cc00000,0x000000236cd00000)]
  0x0000013d77a911d0 JavaThread "AWT-EventQueue-0" [_thread_blocked, id=167524, stack(0x000000236cd00000,0x000000236ce00000)]
  0x0000013d5e220e10 JavaThread "DestroyJavaVM" [_thread_blocked, id=224392, stack(0x000000236b300000,0x000000236b400000)]
  0x0000013d7851a010 JavaThread "TimerQueue" daemon [_thread_blocked, id=223560, stack(0x000000236d700000,0x000000236d800000)]
  0x0000013d7821e850 JavaThread "D3D Screen Updater" daemon [_thread_blocked, id=223760, stack(0x000000236d900000,0x000000236da00000)]

Other Threads:
=>0x0000013d76e7f3c0 VMThread "VM Thread" [stack: 0x000000236b900000,0x000000236ba00000] [id=223400]
  0x0000013d5e221e90 WatcherThread [stack: 0x000000236c800000,0x000000236c900000] [id=223080]
  0x0000013d5e25c370 GCTaskThread "GC Thread#0" [stack: 0x000000236b400000,0x000000236b500000] [id=226496]
  0x0000013d78005410 GCTaskThread "GC Thread#1" [stack: 0x000000236c900000,0x000000236ca00000] [id=222252]
  0x0000013d5e26c270 ConcurrentGCThread "G1 Main Marker" [stack: 0x000000236b500000,0x000000236b600000] [id=222336]
  0x0000013d5e26d690 ConcurrentGCThread "G1 Conc#0" [stack: 0x000000236b600000,0x000000236b700000] [id=225844]
  0x0000013d5e2c90b0 ConcurrentGCThread "G1 Refine#0" [stack: 0x000000236b700000,0x000000236b800000] [id=217680]
  0x0000013d5e2cb3b0 ConcurrentGCThread "G1 Service" [stack: 0x000000236b800000,0x000000236b900000] [id=227260]

Threads with active compile tasks:

VM state: at safepoint (normal execution)

VM Mutex/Monitor currently owned by a thread:  ([mutex/lock_event])
[0x0000013d5e21b570] Threads_lock - owner thread: 0x0000013d76e7f3c0

Heap address: 0x0000000088a00000, size: 1910 MB, Compressed Oops mode: 32-bit

CDS disabled.
Compressed class space mapped at: 0x0000000100000000-0x0000000140000000, reserved size: 1073741824
Narrow klass base: 0x0000000000000000, Narrow klass shift: 3, Narrow klass range: 0x140000000

GC Precious Log:
 CPUs: 2 total, 2 available
 Memory: 7637M
 Large Page Support: Disabled
 NUMA Support: Disabled
 Compressed Oops: Enabled (32-bit)
 Heap Region Size: 1M
 Heap Min Capacity: 8M
 Heap Initial Capacity: 120M
 Heap Max Capacity: 1910M
 Pre-touch: Disabled
 Parallel Workers: 2
 Concurrent Workers: 1
 Concurrent Refinement Workers: 2
 Periodic GC: Disabled

Heap:
 garbage-first heap   total 17408K, used 6924K [0x0000000088a00000, 0x0000000100000000)
  region size 1024K, 3 young (3072K), 1 survivors (1024K)
 Metaspace       used 29496K, committed 29760K, reserved 1081344K
  class space    used 3081K, committed 3264K, reserved 1048576K

Heap Regions: E=young(eden), S=young(survivor), O=old, HS=humongous(starts), HC=humongous(continues), CS=collection set, F=free, OA=open archive, CA=closed archive, TAMS=top-at-mark-start (previous, next)
|   0|0x0000000088a00000, 0x0000000088b00000, 0x0000000088b00000|100%| O|  |TAMS 0x0000000088b00000, 0x0000000088a00000| Untracked 
|   1|0x0000000088b00000, 0x0000000088b86c00, 0x0000000088c00000| 52%| O|  |TAMS 0x0000000088b86c00, 0x0000000088b00000| Untracked 
|   2|0x0000000088c00000, 0x0000000088d00000, 0x0000000088d00000|100%| O|  |TAMS 0x0000000088c00000, 0x0000000088c00000| Untracked 
|   3|0x0000000088d00000, 0x0000000088e00000, 0x0000000088e00000|100%| O|  |TAMS 0x0000000088d00000, 0x0000000088d00000| Untracked 
|   4|0x0000000088e00000, 0x0000000088f00000, 0x0000000088f00000|100%| O|  |TAMS 0x0000000088e00000, 0x0000000088e00000| Untracked 
|   5|0x0000000088f00000, 0x0000000089000000, 0x0000000089000000|100%| O|  |TAMS 0x0000000088f00000, 0x0000000088f00000| Untracked 
|   6|0x0000000089000000, 0x0000000089000000, 0x0000000089100000|  0%| F|  |TAMS 0x0000000089000000, 0x0000000089000000| Untracked 
|   7|0x0000000089100000, 0x0000000089100000, 0x0000000089200000|  0%| F|  |TAMS 0x0000000089100000, 0x0000000089100000| Untracked 
|   8|0x0000000089200000, 0x0000000089200000, 0x0000000089300000|  0%| F|  |TAMS 0x0000000089200000, 0x0000000089200000| Untracked 
|   9|0x0000000089300000, 0x0000000089300000, 0x0000000089400000|  0%| F|  |TAMS 0x0000000089300000, 0x0000000089300000| Untracked 
|  10|0x0000000089400000, 0x0000000089400000, 0x0000000089500000|  0%| F|  |TAMS 0x0000000089400000, 0x0000000089400000| Untracked 
|  11|0x0000000089500000, 0x000000008953c640, 0x0000000089600000| 23%| S|CS|TAMS 0x0000000089500000, 0x0000000089500000| Complete 
|  12|0x0000000089600000, 0x0000000089600000, 0x0000000089700000|  0%| F|  |TAMS 0x0000000089600000, 0x0000000089600000| Untracked 
|  13|0x0000000089700000, 0x0000000089700000, 0x0000000089800000|  0%| F|  |TAMS 0x0000000089700000, 0x0000000089700000| Untracked 
| 105|0x000000008f300000, 0x000000008f300000, 0x000000008f400000|  0%| F|  |TAMS 0x000000008f300000, 0x000000008f300000| Untracked 
| 106|0x000000008f400000, 0x000000008f401f90, 0x000000008f500000|  0%| E|  |TAMS 0x000000008f400000, 0x000000008f400000| Complete 
| 119|0x0000000090100000, 0x0000000090200000, 0x0000000090200000|100%| E|CS|TAMS 0x0000000090100000, 0x0000000090100000| Complete 

Card table byte_map: [0x0000013d707a0000,0x0000013d70b60000] _byte_map_base: 0x0000013d7035b000

Marking Bits (Prev, Next): (CMBitMap*) 0x0000013d5e25ca20, (CMBitMap*) 0x0000013d5e25c9e0
 Prev Bits: [0x0000013d72d00000, 0x0000013d74ad8000)
 Next Bits: [0x0000013d70f20000, 0x0000013d72cf8000)

Polling page: 0x0000013d5c1c0000

Metaspace:

Usage:
  Non-class:     25.80 MB used.
      Class:      3.01 MB used.
       Both:     28.80 MB used.

Virtual space:
  Non-class space:       32.00 MB reserved,      25.88 MB ( 81%) committed,  4 nodes.
      Class space:        1.00 GB reserved,       3.19 MB ( <1%) committed,  1 nodes.
              Both:        1.03 GB reserved,      29.06 MB (  3%) committed. 

Chunk freelists:
   Non-Class:  2.12 MB
       Class:  766.00 KB
        Both:  2.87 MB

MaxMetaspaceSize: 17179869184.00 GB
CompressedClassSpaceSize: 1.00 GB
 - commit_granule_bytes: 65536.
 - commit_granule_words: 8192.
 - virtual_space_node_default_size: 1048576.
 - enlarge_chunks_in_place: 1.
 - new_chunks_are_fully_committed: 0.
 - uncommit_free_chunks: 1.
 - use_allocation_guard: 0.
 - handle_deallocations: 1.


Internal statistics:

num_allocs_failed_limit: 3.
num_arena_births: 180.
num_arena_deaths: 0.
num_vsnodes_births: 5.
num_vsnodes_deaths: 0.
num_space_committed: 465.
num_space_uncommitted: 0.
num_chunks_returned_to_freelist: 3.
num_chunks_taken_from_freelist: 411.
num_chunk_merges: 0.
num_chunk_splits: 224.
num_chunks_enlarged: 122.
num_purges: 0.

CodeHeap 'non-profiled nmethods': size=120064Kb used=1049Kb max_used=1049Kb free=119014Kb
 bounds [0x0000013d69260000, 0x0000013d694d0000, 0x0000013d707a0000]
CodeHeap 'profiled nmethods': size=120000Kb used=6146Kb max_used=6146Kb free=113853Kb
 bounds [0x0000013d61d30000, 0x0000013d62340000, 0x0000013d69260000]
CodeHeap 'non-nmethods': size=5696Kb used=1442Kb max_used=1466Kb free=4253Kb
 bounds [0x0000013d617a0000, 0x0000013d61a10000, 0x0000013d61d30000]
 total_blobs=3714 nmethods=3009 adapters=618
 compilation: enabled
              stopped_count=0, restarted_count=0
 full_count=0

Compilation events (20 events):
Event: 40.730 Thread 0x0000013d7784d440 3009       1       org.postgresql.core.VisibleBufferedInputStream::getIndex (5 bytes)
Event: 40.730 Thread 0x0000013d7784d440 nmethod 3009 0x0000013d69365a10 code [0x0000013d69365ba0, 0x0000013d69365c78]
Event: 50.124 Thread 0x0000013d7784d440 3010       3       java.lang.Character::isJavaIdentifierStart (9 bytes)
Event: 50.125 Thread 0x0000013d7784d440 nmethod 3010 0x0000013d6232eb10 code [0x0000013d6232ecc0, 0x0000013d6232eeb8]
Event: 50.125 Thread 0x0000013d7784d440 3011       3       java.lang.CharacterDataLatin1::isJavaIdentifierStart (23 bytes)
Event: 50.125 Thread 0x0000013d7784d440 nmethod 3011 0x0000013d6232ef90 code [0x0000013d6232f140, 0x0000013d6232f358]
Event: 51.126 Thread 0x0000013d7784d440 3012       3       java.lang.Character::isDigit (5 bytes)
Event: 51.126 Thread 0x0000013d7784d440 nmethod 3012 0x0000013d6232f490 code [0x0000013d6232f640, 0x0000013d6232f898]
Event: 51.126 Thread 0x0000013d7784d440 3013       3       java.lang.CharacterDataLatin1::isDigit (18 bytes)
Event: 51.126 Thread 0x0000013d7784d440 nmethod 3013 0x0000013d6232f990 code [0x0000013d6232fb20, 0x0000013d6232fcb8]
Event: 51.127 Thread 0x0000013d7784d440 3014       3       org.postgresql.core.PGStream::sendChar (9 bytes)
Event: 51.127 Thread 0x0000013d7784d440 nmethod 3014 0x0000013d6232fd90 code [0x0000013d6232ff40, 0x0000013d62330128]
Event: 51.127 Thread 0x0000013d7784d440 3015  s    3       java.io.BufferedOutputStream::write (35 bytes)
Event: 51.128 Thread 0x0000013d7784d440 nmethod 3015 0x0000013d62330210 code [0x0000013d623303e0, 0x0000013d623307a8]
Event: 51.130 Thread 0x0000013d7784d440 3016       1       sun.security.ssl.OutputRecord::isClosed (5 bytes)
Event: 51.130 Thread 0x0000013d7784d440 nmethod 3016 0x0000013d69365d10 code [0x0000013d69365ea0, 0x0000013d69365f78]
Event: 204.052 Thread 0x0000013d76ece830 3017       4       sun.java2d.StateTrackableDelegate$1::isCurrent (17 bytes)
Event: 204.053 Thread 0x0000013d76ece830 nmethod 3017 0x0000013d69366010 code [0x0000013d693661a0, 0x0000013d69366258]
Event: 204.603 Thread 0x0000013d76ece830 3018       4       sun.java2d.d3d.D3DSurfaceData$D3DWindowSurfaceData::isDirty (18 bytes)
Event: 204.606 Thread 0x0000013d76ece830 nmethod 3018 0x0000013d69366310 code [0x0000013d693664a0, 0x0000013d693665b8]

GC Heap History (16 events):
Event: 5.678 GC heap before
{Heap before GC invocations=0 (full 0):
 garbage-first heap   total 122880K, used 5120K [0x0000000088a00000, 0x0000000100000000)
  region size 1024K, 6 young (6144K), 0 survivors (0K)
 Metaspace       used 10280K, committed 10432K, reserved 1064960K
  class space    used 898K, committed 960K, reserved 1048576K
}
Event: 5.688 GC heap after
{Heap after GC invocations=1 (full 0):
 garbage-first heap   total 122880K, used 1513K [0x0000000088a00000, 0x0000000100000000)
  region size 1024K, 1 young (1024K), 1 survivors (1024K)
 Metaspace       used 10280K, committed 10432K, reserved 1064960K
  class space    used 898K, committed 960K, reserved 1048576K
}
Event: 7.565 GC heap before
{Heap before GC invocations=1 (full 0):
 garbage-first heap   total 122880K, used 5609K [0x0000000088a00000, 0x0000000100000000)
  region size 1024K, 6 young (6144K), 1 survivors (1024K)
 Metaspace       used 15023K, committed 15168K, reserved 1064960K
  class space    used 1472K, committed 1536K, reserved 1048576K
}
Event: 7.570 GC heap after
{Heap after GC invocations=2 (full 0):
 garbage-first heap   total 122880K, used 2281K [0x0000000088a00000, 0x0000000100000000)
  region size 1024K, 1 young (1024K), 1 survivors (1024K)
 Metaspace       used 15023K, committed 15168K, reserved 1064960K
  class space    used 1472K, committed 1536K, reserved 1048576K
}
Event: 20.385 GC heap before
{Heap before GC invocations=2 (full 0):
 garbage-first heap   total 122880K, used 12521K [0x0000000088a00000, 0x0000000100000000)
  region size 1024K, 13 young (13312K), 1 survivors (1024K)
 Metaspace       used 21061K, committed 21248K, reserved 1073152K
  class space    used 2134K, committed 2240K, reserved 1048576K
}
Event: 20.391 GC heap after
{Heap after GC invocations=3 (full 0):
 garbage-first heap   total 122880K, used 3305K [0x0000000088a00000, 0x0000000100000000)
  region size 1024K, 2 young (2048K), 2 survivors (2048K)
 Metaspace       used 21061K, committed 21248K, reserved 1073152K
  class space    used 2134K, committed 2240K, reserved 1048576K
}
Event: 20.803 GC heap before
{Heap before GC invocations=4 (full 0):
 garbage-first heap   total 17408K, used 11497K [0x0000000088a00000, 0x0000000100000000)
  region size 1024K, 10 young (10240K), 2 survivors (2048K)
 Metaspace       used 22791K, committed 22976K, reserved 1073152K
  class space    used 2329K, committed 2432K, reserved 1048576K
}
Event: 20.809 GC heap after
{Heap after GC invocations=5 (full 0):
 garbage-first heap   total 17408K, used 3818K [0x0000000088a00000, 0x0000000100000000)
  region size 1024K, 2 young (2048K), 2 survivors (2048K)
 Metaspace       used 22791K, committed 22976K, reserved 1073152K
  class space    used 2329K, committed 2432K, reserved 1048576K
}
Event: 21.385 GC heap before
{Heap before GC invocations=5 (full 0):
 garbage-first heap   total 17408K, used 9962K [0x0000000088a00000, 0x0000000100000000)
  region size 1024K, 8 young (8192K), 2 survivors (2048K)
 Metaspace       used 24860K, committed 25088K, reserved 1073152K
  class space    used 2582K, committed 2688K, reserved 1048576K
}
Event: 21.392 GC heap after
{Heap after GC invocations=6 (full 0):
 garbage-first heap   total 17408K, used 4300K [0x0000000088a00000, 0x0000000100000000)
  region size 1024K, 1 young (1024K), 1 survivors (1024K)
 Metaspace       used 24860K, committed 25088K, reserved 1073152K
  class space    used 2582K, committed 2688K, reserved 1048576K
}
Event: 22.085 GC heap before
{Heap before GC invocations=6 (full 0):
 garbage-first heap   total 17408K, used 10444K [0x0000000088a00000, 0x0000000100000000)
  region size 1024K, 8 young (8192K), 1 survivors (1024K)
 Metaspace       used 26457K, committed 26688K, reserved 1073152K
  class space    used 2707K, committed 2816K, reserved 1048576K
}
Event: 22.089 GC heap after
{Heap after GC invocations=7 (full 0):
 garbage-first heap   total 17408K, used 5092K [0x0000000088a00000, 0x0000000100000000)
  region size 1024K, 1 young (1024K), 1 survivors (1024K)
 Metaspace       used 26457K, committed 26688K, reserved 1073152K
  class space    used 2707K, committed 2816K, reserved 1048576K
}
Event: 24.474 GC heap before
{Heap before GC invocations=7 (full 0):
 garbage-first heap   total 17408K, used 11236K [0x0000000088a00000, 0x0000000100000000)
  region size 1024K, 7 young (7168K), 1 survivors (1024K)
 Metaspace       used 28655K, committed 28928K, reserved 1081344K
  class space    used 3011K, committed 3136K, reserved 1048576K
}
Event: 24.478 GC heap after
{Heap after GC invocations=8 (full 0):
 garbage-first heap   total 17408K, used 5795K [0x0000000088a00000, 0x0000000100000000)
  region size 1024K, 1 young (1024K), 1 survivors (1024K)
 Metaspace       used 28655K, committed 28928K, reserved 1081344K
  class space    used 3011K, committed 3136K, reserved 1048576K
}
Event: 40.326 GC heap before
{Heap before GC invocations=8 (full 0):
 garbage-first heap   total 17408K, used 10915K [0x0000000088a00000, 0x0000000100000000)
  region size 1024K, 6 young (6144K), 1 survivors (1024K)
 Metaspace       used 29458K, committed 29760K, reserved 1081344K
  class space    used 3080K, committed 3264K, reserved 1048576K
}
Event: 40.329 GC heap after
{Heap after GC invocations=9 (full 0):
 garbage-first heap   total 17408K, used 5900K [0x0000000088a00000, 0x0000000100000000)
  region size 1024K, 1 young (1024K), 1 survivors (1024K)
 Metaspace       used 29458K, committed 29760K, reserved 1081344K
  class space    used 3080K, committed 3264K, reserved 1048576K
}

Deoptimization events (20 events):
Event: 23.943 Thread 0x0000013d77a911d0 DEOPT PACKING pc=0x0000013d692e660c sp=0x000000236cdfd4a0
Event: 23.943 Thread 0x0000013d77a911d0 DEOPT UNPACKING pc=0x0000013d617ed72e sp=0x000000236cdfd430 mode 2
Event: 24.113 Thread 0x0000013d77a911d0 DEOPT PACKING pc=0x0000013d620564c7 sp=0x000000236cdfd2f0
Event: 24.113 Thread 0x0000013d77a911d0 DEOPT UNPACKING pc=0x0000013d617edece sp=0x000000236cdfc848 mode 1
Event: 24.114 Thread 0x0000013d77a911d0 DEOPT PACKING pc=0x0000013d620564c7 sp=0x000000236cdfcf90
Event: 24.114 Thread 0x0000013d77a911d0 DEOPT UNPACKING pc=0x0000013d617edece sp=0x000000236cdfc4e8 mode 1
Event: 24.205 Thread 0x0000013d77a911d0 DEOPT PACKING pc=0x0000013d620564c7 sp=0x000000236cdfd2f0
Event: 24.205 Thread 0x0000013d77a911d0 DEOPT UNPACKING pc=0x0000013d617edece sp=0x000000236cdfc848 mode 1
Event: 24.548 Thread 0x0000013d77a911d0 DEOPT PACKING pc=0x0000013d620c876f sp=0x000000236cdfcad0
Event: 24.548 Thread 0x0000013d77a911d0 DEOPT UNPACKING pc=0x0000013d617edece sp=0x000000236cdfbf10 mode 0
Event: 24.555 Thread 0x0000013d77a911d0 DEOPT PACKING pc=0x0000013d620c87a2 sp=0x000000236cdfcbc0
Event: 24.555 Thread 0x0000013d77a911d0 DEOPT UNPACKING pc=0x0000013d617edece sp=0x000000236cdfc000 mode 0
Event: 24.690 Thread 0x0000013d77a911d0 DEOPT PACKING pc=0x0000013d620c876f sp=0x000000236cdfca60
Event: 24.690 Thread 0x0000013d77a911d0 DEOPT UNPACKING pc=0x0000013d617edece sp=0x000000236cdfbea0 mode 0
Event: 27.484 Thread 0x0000013d77a911d0 DEOPT PACKING pc=0x0000013d620564c7 sp=0x000000236cdfc1b0
Event: 27.484 Thread 0x0000013d77a911d0 DEOPT UNPACKING pc=0x0000013d617edece sp=0x000000236cdfb708 mode 1
Event: 36.170 Thread 0x0000013d77a911d0 Uncommon trap: trap_request=0xffffff45 fr.pc=0x0000013d6934fe38 relative=0x00000000000000f8
Event: 36.170 Thread 0x0000013d77a911d0 Uncommon trap: reason=unstable_if action=reinterpret pc=0x0000013d6934fe38 method=sun.util.calendar.BaseCalendar.getFixedDate(IIILsun/util/calendar/BaseCalendar$Date;)J @ 120 c2
Event: 36.170 Thread 0x0000013d77a911d0 DEOPT PACKING pc=0x0000013d6934fe38 sp=0x000000236cdfc580
Event: 36.170 Thread 0x0000013d77a911d0 DEOPT UNPACKING pc=0x0000013d617ed72e sp=0x000000236cdfc508 mode 2

Classes unloaded (0 events):
No events

Classes redefined (1 events):
Event: 254.985 Thread 0x0000013d76e7f3c0 redefined class name=db.PatientDB, count=1

Internal exceptions (20 events):
Event: 6.189 Thread 0x0000013d77a911d0 Exception <a 'java/lang/ClassNotFoundException'{0x000000008fe81380}: com/sun/swing/internal/plaf/metal/resources/spi/metalProvider> (0x000000008fe81380) 
thrown [t:\workspace\open\src\hotspot\share\classfile\systemDictionary.cpp, line 256]
Event: 6.705 Thread 0x0000013d77a911d0 Exception <a 'java/lang/ClassNotFoundException'{0x000000008fe87ff8}: com/sun/swing/internal/plaf/basic/resources/spi/basicProvider> (0x000000008fe87ff8) 
thrown [t:\workspace\open\src\hotspot\share\classfile\systemDictionary.cpp, line 256]
Event: 7.716 Thread 0x0000013d77a911d0 Exception <a 'java/lang/NoSuchMethodError'{0x000000009006d348}: 'void java.lang.invoke.DirectMethodHandle$Holder.invokeStaticInit(java.lang.Object)'> (0x000000009006d348) 
thrown [t:\workspace\open\src\hotspot\share\interpreter\linkResolver.cpp, line 790]
Event: 7.809 Thread 0x0000013d77b04a30 Exception <a 'java/lang/NoSuchMethodError'{0x00000000900db970}: 'void java.lang.invoke.DirectMethodHandle$Holder.invokeVirtual(java.lang.Object, java.lang.Object)'> (0x00000000900db970) 
thrown [t:\workspace\open\src\hotspot\share\interpreter\linkResolver.cpp, line 790]
Event: 19.888 Thread 0x0000013d77a911d0 Exception <a 'java/lang/NoSuchMethodError'{0x000000008fbbf198}: 'java.lang.Object java.lang.invoke.DirectMethodHandle$Holder.invokeVirtual(java.lang.Object, java.lang.Object, java.lang.Object, java.lang.Object)'> (0x000000008fbbf198) 
thrown [t:\workspace\open\src\hotspot\share\interpreter\linkResolver.cpp, line 790]
Event: 19.891 Thread 0x0000013d77a911d0 Exception <a 'java/lang/NoSuchMethodError'{0x000000008fbc7d60}: 'void java.lang.invoke.DirectMethodHandle$Holder.invokeStatic(java.lang.Object, java.lang.Object, java.lang.Object, java.lang.Object)'> (0x000000008fbc7d60) 
thrown [t:\workspace\open\src\hotspot\share\interpreter\linkResolver.cpp, line 790]
Event: 20.048 Thread 0x0000013d77a911d0 Exception <a 'java/lang/NoSuchMethodError'{0x000000008f8f2c40}: 'void java.lang.invoke.DirectMethodHandle$Holder.invokeStatic(java.lang.Object, java.lang.Object)'> (0x000000008f8f2c40) 
thrown [t:\workspace\open\src\hotspot\share\interpreter\linkResolver.cpp, line 790]
Event: 20.159 Thread 0x0000013d77a911d0 Exception <a 'java/lang/NoSuchMethodError'{0x000000008f7a2030}: 'java.lang.Object java.lang.invoke.DirectMethodHandle$Holder.invokeInterface(java.lang.Object, java.lang.Object)'> (0x000000008f7a2030) 
thrown [t:\workspace\open\src\hotspot\share\interpreter\linkResolver.cpp, line 790]
Event: 20.163 Thread 0x0000013d77a911d0 Exception <a 'java/lang/NoSuchMethodError'{0x000000008f7aac40}: 'java.lang.Object java.lang.invoke.DirectMethodHandle$Holder.invokeStaticInit(java.lang.Object, java.lang.Object, java.lang.Object)'> (0x000000008f7aac40) 
thrown [t:\workspace\open\src\hotspot\share\interpreter\linkResolver.cpp, line 790]
Event: 20.175 Thread 0x0000013d77a911d0 Exception <a 'java/lang/NoSuchMethodError'{0x000000008f7d5a28}: 'int java.lang.invoke.DirectMethodHandle$Holder.invokeSpecial(java.lang.Object, java.lang.Object, java.lang.Object)'> (0x000000008f7d5a28) 
thrown [t:\workspace\open\src\hotspot\share\interpreter\linkResolver.cpp, line 790]
Event: 20.305 Thread 0x0000013d77a911d0 Exception <a 'sun/nio/fs/WindowsException'{0x000000008f6f7ee8}> (0x000000008f6f7ee8) 
thrown [t:\workspace\open\src\hotspot\share\prims\jni.cpp, line 579]
Event: 20.335 Thread 0x0000013d77a911d0 Exception <a 'java/lang/NoSuchMethodError'{0x000000008f5555d8}: 'int java.lang.invoke.DirectMethodHandle$Holder.invokeStaticInit(java.lang.Object, java.lang.Object, java.lang.Object, java.lang.Object)'> (0x000000008f5555d8) 
thrown [t:\workspace\open\src\hotspot\share\interpreter\linkResolver.cpp, line 790]
Event: 20.337 Thread 0x0000013d77a911d0 Exception <a 'java/lang/IncompatibleClassChangeError'{0x000000008f55eef0}: Found class java.lang.Object, but interface was expected> (0x000000008f55eef0) 
thrown [t:\workspace\open\src\hotspot\share\interpreter\linkResolver.cpp, line 857]
Event: 20.340 Thread 0x0000013d77a911d0 Exception <a 'java/lang/NoSuchMethodError'{0x000000008f5620f0}: 'void java.lang.invoke.DirectMethodHandle$Holder.invokeStaticInit(java.lang.Object, java.lang.Object)'> (0x000000008f5620f0) 
thrown [t:\workspace\open\src\hotspot\share\interpreter\linkResolver.cpp, line 790]
Event: 20.343 Thread 0x0000013d77a911d0 Exception <a 'java/lang/NoSuchMethodError'{0x000000008f56aa40}: 'int java.lang.invoke.DirectMethodHandle$Holder.invokeStaticInit(java.lang.Object, java.lang.Object)'> (0x000000008f56aa40) 
thrown [t:\workspace\open\src\hotspot\share\interpreter\linkResolver.cpp, line 790]
Event: 20.499 Thread 0x0000013d77a911d0 Exception <a 'java/lang/NoSuchMethodError'{0x00000000896d6b60}: 'java.lang.Object java.lang.invoke.DirectMethodHandle$Holder.invokeStaticInit(java.lang.Object, int, int, int, int)'> (0x00000000896d6b60) 
thrown [t:\workspace\open\src\hotspot\share\interpreter\linkResolver.cpp, line 790]
Event: 20.643 Thread 0x0000013d77a911d0 Exception <a 'java/lang/NoSuchMethodError'{0x000000008954b790}: 'java.lang.Object java.lang.invoke.DirectMethodHandle$Holder.invokeStaticInit(java.lang.Object, java.lang.Object, int, int, int, int)'> (0x000000008954b790) 
thrown [t:\workspace\open\src\hotspot\share\interpreter\linkResolver.cpp, line 790]
Event: 20.999 Thread 0x0000013d77a911d0 Exception <a 'java/lang/NoSuchMethodError'{0x000000008f368ce8}: 'void java.lang.invoke.DirectMethodHandle$Holder.invokeStatic(java.lang.Object, java.lang.Object, java.lang.Object)'> (0x000000008f368ce8) 
thrown [t:\workspace\open\src\hotspot\share\interpreter\linkResolver.cpp, line 790]
Event: 24.267 Thread 0x0000013d7821f840 Exception <a 'java/lang/NoSuchMethodError'{0x00000000895a0f78}: 'java.lang.Object java.lang.invoke.DirectMethodHandle$Holder.newInvokeSpecial(java.lang.Object, java.lang.Object, java.lang.Object, int, int, int, int, int)'> (0x00000000895a0f78) 
thrown [t:\workspace\open\src\hotspot\share\interpreter\linkResolver.cpp, line 790]
Event: 24.973 Thread 0x0000013d77a911d0 Exception <a 'java/lang/NoSuchMethodError'{0x000000008f4b3000}: 'int java.lang.invoke.DirectMethodHandle$Holder.invokeStatic(java.lang.Object)'> (0x000000008f4b3000) 
thrown [t:\workspace\open\src\hotspot\share\interpreter\linkResolver.cpp, line 790]

Events (20 events):
Event: 255.016 Executing  VM operation: ChangeBreakpoints done
Event: 255.032 Executing  VM operation: ChangeBreakpoints
Event: 255.033 Executing  VM operation: ChangeBreakpoints done
Event: 255.049 Executing  VM operation: ChangeBreakpoints
Event: 255.050 Executing  VM operation: ChangeBreakpoints done
Event: 255.075 Executing  VM operation: ChangeBreakpoints
Event: 255.076 Executing  VM operation: ChangeBreakpoints done
Event: 255.124 Executing  VM operation: ChangeBreakpoints
Event: 255.125 Executing  VM operation: ChangeBreakpoints done
Event: 255.153 Executing  VM operation: ChangeBreakpoints
Event: 255.154 Executing  VM operation: ChangeBreakpoints done
Event: 255.186 Executing  VM operation: ChangeBreakpoints
Event: 255.188 Executing  VM operation: ChangeBreakpoints done
Event: 255.195 Executing  VM operation: ChangeSingleStep
Event: 255.196 Executing  VM operation: ChangeSingleStep done
Event: 255.199 Executing  VM operation: get/set locals
Event: 255.199 Executing  VM operation: get/set locals done
Event: 255.207 Executing  VM operation: ChangeSingleStep
Event: 255.207 Executing  VM operation: ChangeSingleStep done
Event: 255.357 Executing  VM operation: get/set locals


Dynamic libraries:
0x00007ff726800000 - 0x00007ff72680e000 	C:\Users\Jackie\.p2\pool\plugins\org.eclipse.justj.openjdk.hotspot.jre.full.win32.x86_64_16.0.2.v20210721-1149\jre\bin\javaw.exe
0x00007ffa8fe50000 - 0x00007ffa90045000 	C:\WINDOWS\SYSTEM32\ntdll.dll
0x00007ffa87e50000 - 0x00007ffa87e66000 	C:\Program Files\AVAST Software\Avast\aswhook.dll
0x00007ffa8ef50000 - 0x00007ffa8f00e000 	C:\WINDOWS\System32\KERNEL32.DLL
0x00007ffa8d7c0000 - 0x00007ffa8da88000 	C:\WINDOWS\System32\KERNELBASE.dll
0x00007ffa8dc50000 - 0x00007ffa8dd50000 	C:\WINDOWS\System32\ucrtbase.dll
0x00007ffa79320000 - 0x00007ffa79338000 	C:\Users\Jackie\.p2\pool\plugins\org.eclipse.justj.openjdk.hotspot.jre.full.win32.x86_64_16.0.2.v20210721-1149\jre\bin\jli.dll
0x00007ffa8fb70000 - 0x00007ffa8fd10000 	C:\WINDOWS\System32\USER32.dll
0x00007ffa8dc20000 - 0x00007ffa8dc42000 	C:\WINDOWS\System32\win32u.dll
0x00007ffa8f050000 - 0x00007ffa8f07b000 	C:\WINDOWS\System32\GDI32.dll
0x00007ffa8d620000 - 0x00007ffa8d72b000 	C:\WINDOWS\System32\gdi32full.dll
0x00007ffa8da90000 - 0x00007ffa8db2d000 	C:\WINDOWS\System32\msvcp_win.dll
0x00007ffa79160000 - 0x00007ffa79179000 	C:\Users\Jackie\.p2\pool\plugins\org.eclipse.justj.openjdk.hotspot.jre.full.win32.x86_64_16.0.2.v20210721-1149\jre\bin\VCRUNTIME140.dll
0x00007ffa78540000 - 0x00007ffa787da000 	C:\WINDOWS\WinSxS\amd64_microsoft.windows.common-controls_6595b64144ccf1df_6.0.19041.1110_none_60b5254171f9507e\COMCTL32.dll
0x00007ffa8fd10000 - 0x00007ffa8fdae000 	C:\WINDOWS\System32\msvcrt.dll
0x00007ffa8f010000 - 0x00007ffa8f040000 	C:\WINDOWS\System32\IMM32.DLL
0x00007ffa874a0000 - 0x00007ffa874ac000 	C:\Users\Jackie\.p2\pool\plugins\org.eclipse.justj.openjdk.hotspot.jre.full.win32.x86_64_16.0.2.v20210721-1149\jre\bin\vcruntime140_1.dll
0x00007ffa790c0000 - 0x00007ffa79151000 	C:\Users\Jackie\.p2\pool\plugins\org.eclipse.justj.openjdk.hotspot.jre.full.win32.x86_64_16.0.2.v20210721-1149\jre\bin\msvcp140.dll
0x00007ffa56bb0000 - 0x00007ffa5775b000 	C:\Users\Jackie\.p2\pool\plugins\org.eclipse.justj.openjdk.hotspot.jre.full.win32.x86_64_16.0.2.v20210721-1149\jre\bin\server\jvm.dll
0x00007ffa8f220000 - 0x00007ffa8f2ce000 	C:\WINDOWS\System32\ADVAPI32.dll
0x00007ffa8e6d0000 - 0x00007ffa8e76c000 	C:\WINDOWS\System32\sechost.dll
0x00007ffa8e5a0000 - 0x00007ffa8e6c5000 	C:\WINDOWS\System32\RPCRT4.dll
0x00007ffa8f340000 - 0x00007ffa8f348000 	C:\WINDOWS\System32\PSAPI.DLL
0x00007ffa7e9a0000 - 0x00007ffa7e9a9000 	C:\WINDOWS\SYSTEM32\WSOCK32.dll
0x00007ffa8f2d0000 - 0x00007ffa8f33b000 	C:\WINDOWS\System32\WS2_32.dll
0x00007ffa83b20000 - 0x00007ffa83b47000 	C:\WINDOWS\SYSTEM32\WINMM.dll
0x00007ffa8c3d0000 - 0x00007ffa8c3da000 	C:\WINDOWS\SYSTEM32\VERSION.dll
0x00007ffa8c390000 - 0x00007ffa8c3a2000 	C:\WINDOWS\SYSTEM32\kernel.appcore.dll
0x00007ffa7df10000 - 0x00007ffa7df1a000 	C:\Users\Jackie\.p2\pool\plugins\org.eclipse.justj.openjdk.hotspot.jre.full.win32.x86_64_16.0.2.v20210721-1149\jre\bin\jimage.dll
0x00007ffa86230000 - 0x00007ffa86414000 	C:\WINDOWS\SYSTEM32\DBGHELP.DLL
0x00007ffa82220000 - 0x00007ffa8224c000 	C:\WINDOWS\SYSTEM32\dbgcore.DLL
0x00007ffa8d730000 - 0x00007ffa8d7b2000 	C:\WINDOWS\System32\bcryptPrimitives.dll
0x00007ffa74530000 - 0x00007ffa7456b000 	C:\Users\Jackie\.p2\pool\plugins\org.eclipse.justj.openjdk.hotspot.jre.full.win32.x86_64_16.0.2.v20210721-1149\jre\bin\jdwp.dll
0x00007ffa87400000 - 0x00007ffa8740e000 	C:\Users\Jackie\.p2\pool\plugins\org.eclipse.justj.openjdk.hotspot.jre.full.win32.x86_64_16.0.2.v20210721-1149\jre\bin\instrument.dll
0x00007ffa71960000 - 0x00007ffa71985000 	C:\Users\Jackie\.p2\pool\plugins\org.eclipse.justj.openjdk.hotspot.jre.full.win32.x86_64_16.0.2.v20210721-1149\jre\bin\java.dll
0x00007ffa71aa0000 - 0x00007ffa71ab8000 	C:\Users\Jackie\.p2\pool\plugins\org.eclipse.justj.openjdk.hotspot.jre.full.win32.x86_64_16.0.2.v20210721-1149\jre\bin\zip.dll
0x00007ffa8e770000 - 0x00007ffa8eeb4000 	C:\WINDOWS\System32\SHELL32.dll
0x00007ffa8bbf0000 - 0x00007ffa8c384000 	C:\WINDOWS\SYSTEM32\windows.storage.dll
0x00007ffa8f810000 - 0x00007ffa8fb64000 	C:\WINDOWS\System32\combase.dll
0x00007ffa8d010000 - 0x00007ffa8d03c000 	C:\WINDOWS\SYSTEM32\Wldp.dll
0x00007ffa8f3b0000 - 0x00007ffa8f45d000 	C:\WINDOWS\System32\SHCORE.dll
0x00007ffa8f690000 - 0x00007ffa8f6e5000 	C:\WINDOWS\System32\shlwapi.dll
0x00007ffa8d4b0000 - 0x00007ffa8d4cf000 	C:\WINDOWS\SYSTEM32\profapi.dll
0x00007ffa79310000 - 0x00007ffa7931c000 	C:\Users\Jackie\.p2\pool\plugins\org.eclipse.justj.openjdk.hotspot.jre.full.win32.x86_64_16.0.2.v20210721-1149\jre\bin\dt_socket.dll
0x00007ffa8c9d0000 - 0x00007ffa8ca0b000 	C:\WINDOWS\SYSTEM32\IPHLPAPI.DLL
0x00007ffa8cd30000 - 0x00007ffa8cd9a000 	C:\WINDOWS\system32\mswsock.dll
0x00007ffa8ca20000 - 0x00007ffa8caea000 	C:\WINDOWS\SYSTEM32\DNSAPI.dll
0x00007ffa8f040000 - 0x00007ffa8f048000 	C:\WINDOWS\System32\NSI.dll
0x00007ffa7f230000 - 0x00007ffa7f23a000 	C:\Windows\System32\rasadhlp.dll
0x00007ffa7f4f0000 - 0x00007ffa7f56f000 	C:\WINDOWS\System32\fwpuclnt.dll
0x00007ffa8db30000 - 0x00007ffa8db57000 	C:\WINDOWS\System32\bcrypt.dll
0x00007ffa71a00000 - 0x00007ffa71a19000 	C:\Users\Jackie\.p2\pool\plugins\org.eclipse.justj.openjdk.hotspot.jre.full.win32.x86_64_16.0.2.v20210721-1149\jre\bin\net.dll
0x00007ffa7f270000 - 0x00007ffa7f379000 	C:\WINDOWS\SYSTEM32\WINHTTP.dll
0x00007ffa6fae0000 - 0x00007ffa6faf3000 	C:\Users\Jackie\.p2\pool\plugins\org.eclipse.justj.openjdk.hotspot.jre.full.win32.x86_64_16.0.2.v20210721-1149\jre\bin\nio.dll
0x00007ffa79ed0000 - 0x00007ffa79ee0000 	C:\Users\Jackie\.p2\pool\plugins\org.eclipse.justj.openjdk.hotspot.jre.full.win32.x86_64_16.0.2.v20210721-1149\jre\bin\verify.dll
0x00007ffa6dca0000 - 0x00007ffa6de1f000 	C:\Users\Jackie\.p2\pool\plugins\org.eclipse.justj.openjdk.hotspot.jre.full.win32.x86_64_16.0.2.v20210721-1149\jre\bin\awt.dll
0x00007ffa8e320000 - 0x00007ffa8e3ed000 	C:\WINDOWS\System32\OLEAUT32.dll
0x00007ffa8ac20000 - 0x00007ffa8acb0000 	C:\WINDOWS\SYSTEM32\apphelp.dll
0x00007ffa8ada0000 - 0x00007ffa8ae3e000 	C:\WINDOWS\system32\uxtheme.dll
0x00007ffa8f6f0000 - 0x00007ffa8f806000 	C:\WINDOWS\System32\MSCTF.dll
0x00007ffa8e3f0000 - 0x00007ffa8e51a000 	C:\WINDOWS\System32\ole32.dll
0x00007ffa8afe0000 - 0x00007ffa8b00f000 	C:\WINDOWS\system32\DWMAPI.DLL
0x00007ffa5f650000 - 0x00007ffa5f776000 	C:\WINDOWS\system32\opengl32.dll
0x00007ffa793d0000 - 0x00007ffa793fc000 	C:\WINDOWS\SYSTEM32\GLU32.dll
0x00007ffa60130000 - 0x00007ffa602ff000 	C:\WINDOWS\system32\d3d9.dll
0x00007ffa83b50000 - 0x00007ffa83ce5000 	C:\WINDOWS\System32\DriverStore\FileRepository\c0315893.inf_amd64_c7f492d4318c2a29\aticfx64.dll
0x00007ffa71370000 - 0x00007ffa713a2000 	C:\WINDOWS\System32\DriverStore\FileRepository\c0315893.inf_amd64_c7f492d4318c2a29\atiu9p64.dll
0x00007ffa3cbb0000 - 0x00007ffa3d4e6000 	C:\WINDOWS\System32\DriverStore\FileRepository\c0315893.inf_amd64_c7f492d4318c2a29\atiumd64.dll
0x00000000771d0000 - 0x0000000077ff7000 	C:\WINDOWS\System32\DriverStore\FileRepository\c0315893.inf_amd64_c7f492d4318c2a29\atiumd6a.dll
0x00007ffa8caf0000 - 0x00007ffa8cb3b000 	C:\WINDOWS\SYSTEM32\POWRPROF.dll
0x00007ffa8c9b0000 - 0x00007ffa8c9c2000 	C:\WINDOWS\SYSTEM32\UMPDC.dll
0x00007ffa83d40000 - 0x00007ffa83d7b000 	C:\WINDOWS\SYSTEM32\dxcore.dll
0x00007ffa8db60000 - 0x00007ffa8dbae000 	C:\WINDOWS\System32\cfgmgr32.dll
0x00007ffa74570000 - 0x00007ffa745f9000 	C:\Users\Jackie\.p2\pool\plugins\org.eclipse.justj.openjdk.hotspot.jre.full.win32.x86_64_16.0.2.v20210721-1149\jre\bin\freetype.dll
0x00007ffa5dfa0000 - 0x00007ffa5e096000 	C:\Users\Jackie\.p2\pool\plugins\org.eclipse.justj.openjdk.hotspot.jre.full.win32.x86_64_16.0.2.v20210721-1149\jre\bin\harfbuzz.dll
0x00007ffa7df20000 - 0x00007ffa7df32000 	C:\Users\Jackie\.p2\pool\plugins\org.eclipse.justj.openjdk.hotspot.jre.full.win32.x86_64_16.0.2.v20210721-1149\jre\bin\fontmanager.dll
0x00007ffa8f170000 - 0x00007ffa8f219000 	C:\WINDOWS\System32\clbcatq.dll
0x00007ffa85c60000 - 0x00007ffa85e14000 	C:\WINDOWS\SYSTEM32\WindowsCodecs.dll
0x00007ffa69380000 - 0x00007ffa693be000 	C:\WINDOWS\system32\dataexchange.dll
0x00007ffa894f0000 - 0x00007ffa89754000 	C:\WINDOWS\system32\d3d11.dll
0x00007ffa89e90000 - 0x00007ffa8a075000 	C:\WINDOWS\system32\dcomp.dll
0x00007ffa8b510000 - 0x00007ffa8b603000 	C:\WINDOWS\system32\dxgi.dll
0x00007ffa86f70000 - 0x00007ffa87171000 	C:\WINDOWS\system32\twinapi.appcore.dll
0x00007ffa823b0000 - 0x00007ffa824a9000 	C:\WINDOWS\SYSTEM32\textinputframework.dll
0x00007ffa8a400000 - 0x00007ffa8a75e000 	C:\WINDOWS\System32\CoreUIComponents.dll
0x00007ffa8a790000 - 0x00007ffa8a882000 	C:\WINDOWS\System32\CoreMessaging.dll
0x00007ffa8b900000 - 0x00007ffa8b933000 	C:\WINDOWS\SYSTEM32\ntmarta.dll
0x00007ffa89d30000 - 0x00007ffa89e84000 	C:\WINDOWS\SYSTEM32\wintypes.dll
0x00007ffa5fc90000 - 0x00007ffa5fcb5000 	C:\Program Files (x86)\Samsung\Easy Printer Manager\SmartScreenPrint\CDAKEYMonitor64.dll
0x00007ffa874c0000 - 0x00007ffa874c9000 	C:\Users\Jackie\.p2\pool\plugins\org.eclipse.justj.openjdk.hotspot.jre.full.win32.x86_64_16.0.2.v20210721-1149\jre\bin\management.dll
0x00007ffa874b0000 - 0x00007ffa874bb000 	C:\Users\Jackie\.p2\pool\plugins\org.eclipse.justj.openjdk.hotspot.jre.full.win32.x86_64_16.0.2.v20210721-1149\jre\bin\management_ext.dll
0x00007ffa8cf20000 - 0x00007ffa8cf38000 	C:\WINDOWS\SYSTEM32\CRYPTSP.dll
0x00007ffa8c640000 - 0x00007ffa8c674000 	C:\WINDOWS\system32\rsaenh.dll
0x00007ffa8d470000 - 0x00007ffa8d49e000 	C:\WINDOWS\SYSTEM32\USERENV.dll
0x00007ffa8cf40000 - 0x00007ffa8cf4c000 	C:\WINDOWS\SYSTEM32\CRYPTBASE.dll
0x00007ffa84630000 - 0x00007ffa84647000 	C:\WINDOWS\SYSTEM32\dhcpcsvc6.DLL
0x00007ffa84700000 - 0x00007ffa8471d000 	C:\WINDOWS\SYSTEM32\dhcpcsvc.DLL
0x00007ffa87430000 - 0x00007ffa8743e000 	C:\Users\Jackie\.p2\pool\plugins\org.eclipse.justj.openjdk.hotspot.jre.full.win32.x86_64_16.0.2.v20210721-1149\jre\bin\sunmscapi.dll
0x00007ffa8dd50000 - 0x00007ffa8dea6000 	C:\WINDOWS\System32\CRYPT32.dll
0x00007ffa8d080000 - 0x00007ffa8d0a7000 	C:\WINDOWS\SYSTEM32\ncrypt.dll
0x00007ffa8d040000 - 0x00007ffa8d07b000 	C:\WINDOWS\SYSTEM32\NTASN1.dll

dbghelp: loaded successfully - version: 4.0.5 - missing functions: none
symbol engine: initialized successfully - sym options: 0x614 - pdb path: .;C:\Users\Jackie\.p2\pool\plugins\org.eclipse.justj.openjdk.hotspot.jre.full.win32.x86_64_16.0.2.v20210721-1149\jre\bin;C:\WINDOWS\SYSTEM32;C:\Program Files\AVAST Software\Avast;C:\WINDOWS\WinSxS\amd64_microsoft.windows.common-controls_6595b64144ccf1df_6.0.19041.1110_none_60b5254171f9507e;C:\Users\Jackie\.p2\pool\plugins\org.eclipse.justj.openjdk.hotspot.jre.full.win32.x86_64_16.0.2.v20210721-1149\jre\bin\server;C:\WINDOWS\System32\DriverStore\FileRepository\c0315893.inf_amd64_c7f492d4318c2a29;C:\Program Files (x86)\Samsung\Easy Printer Manager\SmartScreenPrint

VM Arguments:
jvm_args: -XX:+ShowCodeDetailsInExceptionMessages -agentlib:jdwp=transport=dt_socket,suspend=y,address=localhost:50891 -javaagent:C:\Users\Jackie\eclipse\java-2021-09\eclipse\configuration\org.eclipse.osgi\222\0\.cp\lib\javaagent-shaded.jar -Dfile.encoding=Cp1252 
java_command: ui.LoginPage
java_class_path (initial): C:\Users\Jackie\eclipse-workspace\project-2132\bin;C:\Users\Jackie\Downloads\postgresql-42.3.3.jar;C:\Users\Jackie\eclipse-workspace\project-2132\jcalendar-1.4.jar
Launcher Type: SUN_STANDARD

[Global flags]
     intx CICompilerCount                          = 2                                         {product} {ergonomic}
     uint ConcGCThreads                            = 1                                         {product} {ergonomic}
     uint G1ConcRefinementThreads                  = 2                                         {product} {ergonomic}
   size_t G1HeapRegionSize                         = 1048576                                   {product} {ergonomic}
    uintx GCDrainStackTargetSize                   = 64                                        {product} {ergonomic}
   size_t InitialHeapSize                          = 125829120                                 {product} {ergonomic}
   size_t MarkStackSize                            = 4194304                                   {product} {ergonomic}
   size_t MaxHeapSize                              = 2002780160                                {product} {ergonomic}
   size_t MaxNewSize                               = 1201668096                                {product} {ergonomic}
   size_t MinHeapDeltaBytes                        = 1048576                                   {product} {ergonomic}
   size_t MinHeapSize                              = 8388608                                   {product} {ergonomic}
    uintx NonNMethodCodeHeapSize                   = 5826188                                {pd product} {ergonomic}
    uintx NonProfiledCodeHeapSize                  = 122916026                              {pd product} {ergonomic}
    uintx ProfiledCodeHeapSize                     = 122916026                              {pd product} {ergonomic}
    uintx ReservedCodeCacheSize                    = 251658240                              {pd product} {ergonomic}
     bool SegmentedCodeCache                       = true                                      {product} {ergonomic}
     bool ShowCodeDetailsInExceptionMessages       = true                                   {manageable} {command line}
   size_t SoftMaxHeapSize                          = 2002780160                             {manageable} {ergonomic}
     bool UseCompressedClassPointers               = true                           {product lp64_product} {ergonomic}
     bool UseCompressedOops                        = true                           {product lp64_product} {ergonomic}
     bool UseG1GC                                  = true                                      {product} {ergonomic}
     bool UseLargePagesIndividualAllocation        = false                                  {pd product} {ergonomic}

Logging:
Log output configuration:
 #0: stdout all=warning uptime,level,tags
 #1: stderr all=off uptime,level,tags

Environment Variables:
PATH=C:\Users\Jackie\.p2\pool\plugins\org.eclipse.justj.openjdk.hotspot.jre.full.win32.x86_64_16.0.2.v20210721-1149\jre\bin;C:/Users/Jackie/.p2/pool/plugins/org.eclipse.justj.openjdk.hotspot.jre.full.win32.x86_64_16.0.2.v20210721-1149/jre/bin/server;C:/Users/Jackie/.p2/pool/plugins/org.eclipse.justj.openjdk.hotspot.jre.full.win32.x86_64_16.0.2.v20210721-1149/jre/bin;C:\Program Files (x86)\Common Files\Oracle\Java\javapath;C:\WINDOWS\system32;C:\WINDOWS;C:\WINDOWS\System32\Wbem;C:\WINDOWS\System32\WindowsPowerShell\v1.0\;C:\WINDOWS\System32\OpenSSH\;C:\Program Files\Git\cmd;C:\Program Files (x86)\Java\jdk1.8.0_201\bin;C:\Program Files\Go\bin;C:\Program Files (x86)\Java\jdk1.8.0_201\bin;C:\Users\Jackie\AppData\Local\Microsoft\WindowsApps;C:\Coding\Go\bin;C:\Program Files\swipl\bin;C:\Users\Jackie\OneDrive\Desktop;
USERNAME=Jackie
OS=Windows_NT
PROCESSOR_IDENTIFIER=AMD64 Family 21 Model 112 Stepping 0, AuthenticAMD



---------------  S Y S T E M  ---------------

OS:
 Windows 10 , 64 bit Build 19041 (10.0.19041.1566)
OS uptime: 1 days 6:47 hours

CPU: total 2 (initial active 2) (2 cores per cpu, 1 threads per core) family 21 model 112 stepping 0 microcode 0x0, cx8, cmov, fxsr, mmx, 3dnowpref, sse, sse2, sse3, ssse3, sse4a, sse4.1, sse4.2, popcnt, lzcnt, tsc, tscinvbit, avx, avx2, aes, clmul, bmi1, bmi2, fma, vzeroupper, clflush

Memory: 4k page, system-wide physical 7637M (2145M free)
TotalPageFile size 10802M (AvailPageFile size 2152M)
current process WorkingSet (physical memory assigned to process): 131M, peak: 135M
current process commit charge ("private bytes"): 153M, peak: 243M

vm_info: OpenJDK 64-Bit Server VM (16.0.2+7-67) for windows-amd64 JRE (16.0.2+7-67), built on Jun  8 2021 23:21:43 by "mach5one" with MS VC++ 16.7 (VS2019)

END.
